<?xml version="1.0" encoding="UTF-8"?>
<testng-results ignored="0" total="2" passed="2" failed="0" skipped="0">
  <reporter-output>
  </reporter-output>
  <suite started-at="2024-03-17T18:29:52Z" name="Suite1" finished-at="2024-03-17T18:30:39Z" duration-ms="46279">
    <groups>
      <group name="cucumber">
        <method signature="AbstractTestNGCucumberTests.runScenario(io.cucumber.testng.PickleWrapper, io.cucumber.testng.FeatureWrapper)[pri:0, instance:runner.smokeTest@181e731e]" name="runScenario" class="io.cucumber.testng.AbstractTestNGCucumberTests"/>
      </group> <!-- cucumber -->
    </groups>
    <test started-at="2024-03-17T18:29:52Z" name="SmokeTest" finished-at="2024-03-17T18:30:39Z" duration-ms="46279">
      <class name="runner.smokeTest">
        <test-method is-config="true" signature="setUpClass(org.testng.ITestContext)[pri:0, instance:runner.smokeTest@181e731e]" started-at="2024-03-17T18:29:52Z" name="setUpClass" finished-at="2024-03-17T18:29:53Z" duration-ms="439" status="PASS">
          <params>
            <param index="0">
              <value>
                <![CDATA[org.testng.TestRunner@44fff386]]>
              </value>
            </param>
          </params>
          <reporter-output>
          </reporter-output>
        </test-method> <!-- setUpClass -->
        <test-method signature="runScenario(io.cucumber.testng.PickleWrapper, io.cucumber.testng.FeatureWrapper)[pri:0, instance:runner.smokeTest@181e731e]" started-at="2024-03-17T18:29:53Z" name="runScenario" description="Runs Cucumber Scenarios" data-provider="scenarios" finished-at="2024-03-17T18:30:32Z" duration-ms="39310" status="PASS">
          <params>
            <param index="0">
              <value>
                <![CDATA["searching products in google"]]>
              </value>
            </param>
            <param index="1">
              <value>
                <![CDATA["searching products"]]>
              </value>
            </param>
          </params>
          <reporter-output>
          </reporter-output>
        </test-method> <!-- runScenario -->
        <test-method signature="runScenario(io.cucumber.testng.PickleWrapper, io.cucumber.testng.FeatureWrapper)[pri:0, instance:runner.smokeTest@181e731e]" started-at="2024-03-17T18:30:32Z" name="runScenario" description="Runs Cucumber Scenarios" data-provider="scenarios" finished-at="2024-03-17T18:30:39Z" duration-ms="6499" status="PASS">
          <params>
            <param index="0">
              <value>
                <![CDATA["visiting the place"]]>
              </value>
            </param>
            <param index="1">
              <value>
                <![CDATA["visiting the place"]]>
              </value>
            </param>
          </params>
          <reporter-output>
          </reporter-output>
        </test-method> <!-- runScenario -->
        <test-method is-config="true" signature="tearDownClass()[pri:0, instance:runner.smokeTest@181e731e]" started-at="2024-03-17T18:30:39Z" name="tearDownClass" finished-at="2024-03-17T18:30:39Z" duration-ms="9" status="PASS">
          <reporter-output>
          </reporter-output>
        </test-method> <!-- tearDownClass -->
      </class> <!-- runner.smokeTest -->
    </test> <!-- SmokeTest -->
  </suite> <!-- Suite1 -->
</testng-results>
