<?xml version="1.0" encoding="UTF-8"?>
<testng-results ignored="0" total="2" passed="2" failed="0" skipped="0">
  <reporter-output>
  </reporter-output>
  <suite started-at="2024-03-17T19:06:37Z" name="Suite1" finished-at="2024-03-17T19:07:28Z" duration-ms="51276">
    <groups>
      <group name="cucumber">
        <method signature="AbstractTestNGCucumberTests.runScenario(io.cucumber.testng.PickleWrapper, io.cucumber.testng.FeatureWrapper)[pri:0, instance:runner.smokeTest@7a362b6b]" name="runScenario" class="io.cucumber.testng.AbstractTestNGCucumberTests"/>
      </group> <!-- cucumber -->
    </groups>
    <test started-at="2024-03-17T19:06:37Z" name="SmokeTest" finished-at="2024-03-17T19:07:28Z" duration-ms="51276">
      <class name="runner.smokeTest">
        <test-method is-config="true" signature="setUpClass(org.testng.ITestContext)[pri:0, instance:runner.smokeTest@7a362b6b]" started-at="2024-03-17T19:06:37Z" name="setUpClass" finished-at="2024-03-17T19:06:38Z" duration-ms="420" status="PASS">
          <params>
            <param index="0">
              <value>
                <![CDATA[org.testng.TestRunner@37b52340]]>
              </value>
            </param>
          </params>
          <reporter-output>
          </reporter-output>
        </test-method> <!-- setUpClass -->
        <test-method signature="runScenario(io.cucumber.testng.PickleWrapper, io.cucumber.testng.FeatureWrapper)[pri:0, instance:runner.smokeTest@7a362b6b]" started-at="2024-03-17T19:06:38Z" name="runScenario" description="Runs Cucumber Scenarios" data-provider="scenarios" finished-at="2024-03-17T19:07:22Z" duration-ms="44118" status="PASS">
          <params>
            <param index="0">
              <value>
                <![CDATA["searching products in google"]]>
              </value>
            </param>
            <param index="1">
              <value>
                <![CDATA["searching products"]]>
              </value>
            </param>
          </params>
          <reporter-output>
          </reporter-output>
        </test-method> <!-- runScenario -->
        <test-method signature="runScenario(io.cucumber.testng.PickleWrapper, io.cucumber.testng.FeatureWrapper)[pri:0, instance:runner.smokeTest@7a362b6b]" started-at="2024-03-17T19:07:22Z" name="runScenario" description="Runs Cucumber Scenarios" data-provider="scenarios" finished-at="2024-03-17T19:07:28Z" duration-ms="6705" status="PASS">
          <params>
            <param index="0">
              <value>
                <![CDATA["visiting the place"]]>
              </value>
            </param>
            <param index="1">
              <value>
                <![CDATA["visiting the place"]]>
              </value>
            </param>
          </params>
          <reporter-output>
          </reporter-output>
        </test-method> <!-- runScenario -->
        <test-method is-config="true" signature="tearDownClass()[pri:0, instance:runner.smokeTest@7a362b6b]" started-at="2024-03-17T19:07:28Z" name="tearDownClass" finished-at="2024-03-17T19:07:28Z" duration-ms="5" status="PASS">
          <reporter-output>
          </reporter-output>
        </test-method> <!-- tearDownClass -->
      </class> <!-- runner.smokeTest -->
    </test> <!-- SmokeTest -->
  </suite> <!-- Suite1 -->
</testng-results>
