<?xml version="1.0" encoding="UTF-8"?>
<testng-results ignored="0" total="2" passed="2" failed="0" skipped="0">
  <reporter-output>
  </reporter-output>
  <suite started-at="2024-03-16T18:18:00Z" name="Suite1" finished-at="2024-03-16T18:19:49Z" duration-ms="108942">
    <groups>
      <group name="cucumber">
        <method signature="AbstractTestNGCucumberTests.runScenario(io.cucumber.testng.PickleWrapper, io.cucumber.testng.FeatureWrapper)[pri:0, instance:runner.smokeTest@14fc1f0]" name="runScenario" class="io.cucumber.testng.AbstractTestNGCucumberTests"/>
      </group> <!-- cucumber -->
    </groups>
    <test started-at="2024-03-16T18:18:00Z" name="SmokeTest" finished-at="2024-03-16T18:19:49Z" duration-ms="108942">
      <class name="runner.smokeTest">
        <test-method is-config="true" signature="setUpClass(org.testng.ITestContext)[pri:0, instance:runner.smokeTest@14fc1f0]" started-at="2024-03-16T18:18:00Z" name="setUpClass" finished-at="2024-03-16T18:18:00Z" duration-ms="432" status="PASS">
          <params>
            <param index="0">
              <value>
                <![CDATA[org.testng.TestRunner@4976085]]>
              </value>
            </param>
          </params>
          <reporter-output>
          </reporter-output>
        </test-method> <!-- setUpClass -->
        <test-method signature="runScenario(io.cucumber.testng.PickleWrapper, io.cucumber.testng.FeatureWrapper)[pri:0, instance:runner.smokeTest@14fc1f0]" started-at="2024-03-16T18:18:00Z" name="runScenario" description="Runs Cucumber Scenarios" data-provider="scenarios" finished-at="2024-03-16T18:19:42Z" duration-ms="101973" status="PASS">
          <params>
            <param index="0">
              <value>
                <![CDATA["searching products in google"]]>
              </value>
            </param>
            <param index="1">
              <value>
                <![CDATA["searching products"]]>
              </value>
            </param>
          </params>
          <reporter-output>
          </reporter-output>
        </test-method> <!-- runScenario -->
        <test-method signature="runScenario(io.cucumber.testng.PickleWrapper, io.cucumber.testng.FeatureWrapper)[pri:0, instance:runner.smokeTest@14fc1f0]" started-at="2024-03-16T18:19:42Z" name="runScenario" description="Runs Cucumber Scenarios" data-provider="scenarios" finished-at="2024-03-16T18:19:49Z" duration-ms="6485" status="PASS">
          <params>
            <param index="0">
              <value>
                <![CDATA["visiting the place"]]>
              </value>
            </param>
            <param index="1">
              <value>
                <![CDATA["visiting the place"]]>
              </value>
            </param>
          </params>
          <reporter-output>
          </reporter-output>
        </test-method> <!-- runScenario -->
        <test-method is-config="true" signature="tearDownClass()[pri:0, instance:runner.smokeTest@14fc1f0]" started-at="2024-03-16T18:19:49Z" name="tearDownClass" finished-at="2024-03-16T18:19:49Z" duration-ms="23" status="PASS">
          <reporter-output>
          </reporter-output>
        </test-method> <!-- tearDownClass -->
      </class> <!-- runner.smokeTest -->
    </test> <!-- SmokeTest -->
  </suite> <!-- Suite1 -->
</testng-results>
